app/build/outputs/logs/manifest-merger-debug-report.txt
-- Merging decision tree log ---
manifest
ADDED from src/main/AndroidManifest.xml:2:1-57:12
	package
		ADDED from src/main/AndroidManifest.xml:3:5-33
		INJECTED from src/main/AndroidManifest.xml
		INJECTED from src/main/AndroidManifest.xml
	android:versionName
		ADDED from src/main/AndroidManifest.xml:5:5-30
		INJECTED from src/main/AndroidManifest.xml
		INJECTED from src/main/AndroidManifest.xml
	android:versionCode
		ADDED from src/main/AndroidManifest.xml:4:5-28
		INJECTED from src/main/AndroidManifest.xml
		INJECTED from src/main/AndroidManifest.xml
	xmlns:android
		ADDED from src/main/AndroidManifest.xml:2:11-69
uses-sdk
ADDED from src/main/AndroidManifest.xml:7:5-9:41
	android:targetSdkVersion
		ADDED from src/main/AndroidManifest.xml:9:9-38
		INJECTED from src/main/AndroidManifest.xml
		INJECTED from src/main/AndroidManifest.xml
	android:minSdkVersion
		ADDED from src/main/AndroidManifest.xml:8:9-35
		INJECTED from src/main/AndroidManifest.xml
		INJECTED from src/main/AndroidManifest.xml
uses-permission#android.permission.BIND_ACCESSIBILITY_SERVICE
ADDED from src/main/AndroidManifest.xml:11:5-85
	android:name
		ADDED from src/main/AndroidManifest.xml:11:22-82
uses-permission#android.permission.CALL_PHONE
ADDED from src/main/AndroidManifest.xml:14:5-68
	android:name
		ADDED from src/main/AndroidManifest.xml:14:22-66
uses-permission#android.permission.READ_PHONE_STATE
ADDED from src/main/AndroidManifest.xml:16:5-75
	android:name
		ADDED from src/main/AndroidManifest.xml:16:22-72
uses-permission#android.permission.PROCESS_OUTGOING_CALLS
ADDED from src/main/AndroidManifest.xml:17:6-81
	android:name
		ADDED from src/main/AndroidManifest.xml:17:23-79
application
ADDED from src/main/AndroidManifest.xml:19:5-55:19
	android:label
		ADDED from src/main/AndroidManifest.xml:22:9-41
	android:allowBackup
		ADDED from src/main/AndroidManifest.xml:20:9-35
	android:icon
		ADDED from src/main/AndroidManifest.xml:21:9-45
	android:theme
		ADDED from src/main/AndroidManifest.xml:23:9-40
activity#net.fenzz.dingplug.MainActivity
ADDED from src/main/AndroidManifest.xml:24:9-32:20
	android:label
		ADDED from src/main/AndroidManifest.xml:26:13-45
	android:name
		ADDED from src/main/AndroidManifest.xml:25:13-41
intent-filter#android.intent.action.MAIN+android.intent.category.LAUNCHER
ADDED from src/main/AndroidManifest.xml:27:13-31:29
action#android.intent.action.MAIN
ADDED from src/main/AndroidManifest.xml:28:17-69
	android:name
		ADDED from src/main/AndroidManifest.xml:28:25-66
category#android.intent.category.LAUNCHER
ADDED from src/main/AndroidManifest.xml:30:17-77
	android:name
		ADDED from src/main/AndroidManifest.xml:30:27-74
service#net.fenzz.dingplug.DingService
ADDED from src/main/AndroidManifest.xml:34:9-47:19
	android:enabled
		ADDED from src/main/AndroidManifest.xml:36:13-35
	android:label
		ADDED from src/main/AndroidManifest.xml:38:13-45
	android:exported
		ADDED from src/main/AndroidManifest.xml:37:13-36
	android:permission
		ADDED from src/main/AndroidManifest.xml:39:13-79
	android:name
		ADDED from src/main/AndroidManifest.xml:35:13-40
intent-filter#android.accessibilityservice.AccessibilityService
ADDED from src/main/AndroidManifest.xml:40:13-42:29
action#android.accessibilityservice.AccessibilityService
ADDED from src/main/AndroidManifest.xml:41:17-92
	android:name
		ADDED from src/main/AndroidManifest.xml:41:25-89
meta-data#android.accessibilityservice
ADDED from src/main/AndroidManifest.xml:44:13-46:62
	android:resource
		ADDED from src/main/AndroidManifest.xml:46:17-59
	android:name
		ADDED from src/main/AndroidManifest.xml:45:17-60
receiver#net.fenzz.dingplug.PhoneReceiver
ADDED from src/main/AndroidManifest.xml:50:9-54:20
	android:name
		ADDED from src/main/AndroidManifest.xml:50:19-48
intent-filter#android.intent.action.PHONE_STATE
ADDED from src/main/AndroidManifest.xml:51:13-53:29
	android:priority
		ADDED from src/main/AndroidManifest.xml:51:28-51
action#android.intent.action.PHONE_STATE
ADDED from src/main/AndroidManifest.xml:52:17-76
	android:name
		ADDED from src/main/AndroidManifest.xml:52:25-73